This is e-pTeX, Version 3.14159265-p3.7.1-161114-2.6 (utf8.euc) (TeX Live 2017) (preloaded format=platex 2018.4.5)  29 JAN 2020 21:54
entering extended mode
 restricted \write18 enabled.
 %&-line parsing enabled.
**sample.tex
(./sample.tex
pLaTeX2e <2017/05/05> (based on LaTeX2e <2017-04-15>)
Babel <3.10> and hyphenation patterns for 84 language(s) loaded.
(./kuee.cls
Document Class: kuee 2018/03/03
(/usr/local/texlive/2017/texmf-dist/tex/platex/base/jreport.cls
Document Class: jreport 2017/03/05 v1.7e Standard pLaTeX class
\c@@paper=\count82
(/usr/local/texlive/2017/texmf-dist/tex/platex/base/jsize12.clo
File: jsize12.clo 2017/03/05 v1.7e Standard pLaTeX file (size option)
)
\c@part=\count83
\c@chapter=\count84
\c@section=\count85
\c@subsection=\count86
\c@subsubsection=\count87
\c@paragraph=\count88
\c@subparagraph=\count89
\c@figure=\count90
\c@table=\count91
\abovecaptionskip=\skip41
\belowcaptionskip=\skip42
\symmincho=\mathgroup4
LaTeX Font Info:    Overwriting symbol font `mincho' in version `bold'
(Font)                  JY1/mc/m/n --> JY1/gt/m/n on input line 702.
\toclineskip=\dimen118
\@lnumwidth=\dimen119
\bibindent=\dimen120
\heisei=\count92
)
\@kuee@appseq=\count93
\kuee@post=\write3
\@kuee@open=\count94
\@kuee@seq=\count95
)
(/usr/local/texlive/2017/texmf-dist/tex/latex/graphics/graphicx.sty
Package: graphicx 2014/10/28 v1.0g Enhanced LaTeX Graphics (DPC,SPQR)

(/usr/local/texlive/2017/texmf-dist/tex/latex/graphics/keyval.sty
Package: keyval 2014/10/28 v1.15 key=value parser (DPC)
\KV@toks@=\toks15
)
(/usr/local/texlive/2017/texmf-dist/tex/latex/graphics/graphics.sty
Package: graphics 2017/04/14 v1.1b Standard LaTeX Graphics (DPC,SPQR)

(/usr/local/texlive/2017/texmf-dist/tex/latex/graphics/trig.sty
Package: trig 2016/01/03 v1.10 sin cos tan (DPC)
)
(/usr/local/texlive/2017/texmf-dist/tex/latex/graphics-cfg/graphics.cfg
File: graphics.cfg 2016/06/04 v1.11 sample graphics configuration
)
Package graphics Info: Driver file: dvipdfmx.def on input line 99.

(/usr/local/texlive/2017/texmf-dist/tex/latex/graphics-def/dvipdfmx.def
File: dvipdfmx.def 2016/07/11 v4.12 LaTeX color/graphics driver for dvipdfmx (L
3/ChoF)
))
\Gin@req@height=\dimen121
\Gin@req@width=\dimen122
)
(/usr/local/texlive/2017/texmf-dist/tex/latex/amsmath/amsmath.sty
Package: amsmath 2016/11/05 v2.16a AMS math features
\@mathmargin=\skip43

For additional information on amsmath, use the `?' option.
(/usr/local/texlive/2017/texmf-dist/tex/latex/amsmath/amstext.sty
Package: amstext 2000/06/29 v2.01 AMS text

(/usr/local/texlive/2017/texmf-dist/tex/latex/amsmath/amsgen.sty
File: amsgen.sty 1999/11/30 v2.0 generic functions
\@emptytoks=\toks16
\ex@=\dimen123
))
(/usr/local/texlive/2017/texmf-dist/tex/latex/amsmath/amsbsy.sty
Package: amsbsy 1999/11/29 v1.2d Bold Symbols
\pmbraise@=\dimen124
)
(/usr/local/texlive/2017/texmf-dist/tex/latex/amsmath/amsopn.sty
Package: amsopn 2016/03/08 v2.02 operator names
)
\inf@bad=\count96
LaTeX Info: Redefining \frac on input line 213.
\uproot@=\count97
\leftroot@=\count98
LaTeX Info: Redefining \overline on input line 375.
\classnum@=\count99
\DOTSCASE@=\count100
LaTeX Info: Redefining \ldots on input line 472.
LaTeX Info: Redefining \dots on input line 475.
LaTeX Info: Redefining \cdots on input line 596.
\Mathstrutbox@=\box42
\strutbox@=\box43
\big@size=\dimen125
LaTeX Font Info:    Redeclaring font encoding OML on input line 712.
LaTeX Font Info:    Redeclaring font encoding OMS on input line 713.
\macc@depth=\count101
\c@MaxMatrixCols=\count102
\dotsspace@=\muskip10
\c@parentequation=\count103
\dspbrk@lvl=\count104
\tag@help=\toks17
\row@=\count105
\column@=\count106
\maxfields@=\count107
\andhelp@=\toks18
\eqnshift@=\dimen126
\alignsep@=\dimen127
\tagshift@=\dimen128
\tagwidth@=\dimen129
\totwidth@=\dimen130
\lineht@=\dimen131
\@envbody=\toks19
\multlinegap=\skip44
\multlinetaggap=\skip45
\mathdisplay@stack=\toks20
LaTeX Info: Redefining \[ on input line 2817.
LaTeX Info: Redefining \] on input line 2818.
)
(/usr/local/texlive/2017/texmf-dist/tex/latex/url/url.sty
\Urlmuskip=\muskip11
Package: url 2013/09/16  ver 3.4  Verb mode for urls, etc.
) (./sample.aux)
\openout1 = `sample.aux'.

LaTeX Font Info:    Checking defaults for OML/cmm/m/it on input line 18.
LaTeX Font Info:    ... okay on input line 18.
LaTeX Font Info:    Checking defaults for T1/cmr/m/n on input line 18.
LaTeX Font Info:    ... okay on input line 18.
LaTeX Font Info:    Checking defaults for OT1/cmr/m/n on input line 18.
LaTeX Font Info:    ... okay on input line 18.
LaTeX Font Info:    Checking defaults for OMS/cmsy/m/n on input line 18.
LaTeX Font Info:    ... okay on input line 18.
LaTeX Font Info:    Checking defaults for OMX/cmex/m/n on input line 18.
LaTeX Font Info:    ... okay on input line 18.
LaTeX Font Info:    Checking defaults for U/cmr/m/n on input line 18.
LaTeX Font Info:    ... okay on input line 18.
LaTeX Font Info:    Checking defaults for JY1/mc/m/n on input line 18.
LaTeX Font Info:    ... okay on input line 18.
LaTeX Font Info:    Checking defaults for JT1/mc/m/n on input line 18.
LaTeX Font Info:    ... okay on input line 18.

[0]
LaTeX Font Info:    Font shape `JT1/mc/bx/n' in size <17.28> not available
(Font)              Font shape `JT1/gt/m/n' tried instead on input line 20.
LaTeX Font Info:    Font shape `JY1/mc/bx/n' in size <17.28> not available
(Font)              Font shape `JY1/gt/m/n' tried instead on input line 20.
LaTeX Font Info:    Font shape `JT1/mc/bx/n' in size <12> not available
(Font)              Font shape `JT1/gt/m/n' tried instead on input line 20.
LaTeX Font Info:    Font shape `JY1/mc/bx/n' in size <12> not available
(Font)              Font shape `JY1/gt/m/n' tried instead on input line 20.
 [1


]
\clearpage
LaTeX Font Info:    Font shape `JT1/mc/bx/n' in size <20.74> not available
(Font)              Font shape `JT1/gt/m/n' tried instead on input line 27.
LaTeX Font Info:    Font shape `JY1/mc/bx/n' in size <20.74> not available
(Font)              Font shape `JY1/gt/m/n' tried instead on input line 27.
(./sample.toc [2

])
\tf@toc=\write4
\openout4 = `sample.toc'.

 [3]
\clearpage
第{1}章.

Overfull \hbox (0.29568pt too wide) in paragraph at lines 32--39
\JY1/mc/m/n/12 る ． 増え続ける生物学デ ータを有効に利用し新たな生物学的知見を
得るため\OT1/cmr/m/n/12 , \JY1/mc/m/n/12 デ ー
 []


Overfull \hbox (6.0233pt too wide) in paragraph at lines 32--39
\JY1/mc/m/n/12 仮説無しにデ ータから何が言えるのかを考え ， 科学的手法における
仮説生成をデ ー
 []


Overfull \hbox (6.0233pt too wide) in paragraph at lines 32--39
\JY1/mc/m/n/12 を統合させるアプロ ーチが ， デ ータ駆動型科学の基礎となるユ ー
ザ ー主導型のデ ー
 []

[1

] [2]
\@kuee1chapter=\count108
\@kuee1figure=\count109
\openout3 = `sample.fff'.

 (sample.fff)
\@kuee2chapter=\count110
\@kuee2figure=\count111
\@kuee3chapter=\count112
\@kuee3figure=\count113
 [3]
第{2}章.
[4

] [5]
\@kuee4chapter=\count114
\@kuee4figure=\count115
 [6]
LaTeX Font Info:    Font shape `JT1/mc/bx/n' in size <14.4> not available
(Font)              Font shape `JT1/gt/m/n' tried instead on input line 196.
LaTeX Font Info:    Font shape `JY1/mc/bx/n' in size <14.4> not available
(Font)              Font shape `JY1/gt/m/n' tried instead on input line 196.
 [7]
LaTeX Font Info:    Try loading font information for OMS+cmr on input line 216.

 (/usr/local/texlive/2017/texmf-dist/tex/latex/base/omscmr.fd
File: omscmr.fd 2014/09/29 v2.5h Standard LaTeX font definitions
)
LaTeX Font Info:    Font shape `OMS/cmr/m/n' in size <12> not available
(Font)              Font shape `OMS/cmsy/m/n' tried instead on input line 216.

Overfull \hbox (13.02852pt too wide) in paragraph at lines 222--227
\JY1/mc/m/n/12 サンのような三日月型になるため\OT1/cmr/m/n/12 , Croissant-GIB \J
Y1/mc/m/n/12 レイアウトと呼ばれる\OT1/cmr/m/n/12 . Doughnut-
 []

[8]
Overfull \hbox (1.42505pt too wide) in paragraph at lines 238--243
[]\OT1/cmr/m/n/12 Force-directed \JY1/mc/m/n/12 レイアウトによりグラフを描画す
る方法にはいくつかの種類があ
 []

[9] [10] [11]
第{3}章.
[12

]
\@kuee5chapter=\count116
\@kuee5table=\count117
 [13]
\@kuee6chapter=\count118
\@kuee6figure=\count119
 [14] [15] [16] [17]
\@kuee7chapter=\count120
\@kuee7figure=\count121
 [18] [19]
\@kuee8chapter=\count122
\@kuee8figure=\count123
 [20] [21] [22] [23]
\@kuee9chapter=\count124
\@kuee9figure=\count125
\@kuee10chapter=\count126
\@kuee10table=\count127
\@kuee11chapter=\count128
\@kuee11table=\count129
\@kuee12chapter=\count130
\@kuee12table=\count131
\@kuee13chapter=\count132
\@kuee13figure=\count133
 [24] [25] [26]
第{4}章.
[27

]
Overfull \hbox (0.2959pt too wide) in paragraph at lines 816--817
[]\JY1/mc/m/n/12 クリ ッ クされているノ ードやマウスオ ーバ ーされているノ ード
は他のノ ード
 []


Overfull \hbox (0.66528pt too wide) in paragraph at lines 817--818
[]\JY1/mc/m/n/12 クリ ッ クされているノ ードに繋がるエ ッ ジはノ ードと同じ色で
色付けされ る\OT1/cmr/m/n/12 . 
 []

[28]
Overfull \hbox (0.72661pt too wide) in paragraph at lines 820--821
[]\JY1/mc/m/n/12 正解のパスを構成するノ ードを全て選ぶと\OT1/cmr/m/n/12 , \JY1/
mc/m/n/12 パス全体がピンクに色付けされ\OT1/cmr/m/n/12 ,
 []

[29]
\@kuee14chapter=\count134
\@kuee14figure=\count135
 [30] [31] [32]
Overfull \hbox (0.50986pt too wide) in paragraph at lines 948--953
\JY1/mc/m/n/12 た外部リンクを箱の外に描くことによりトポロジ ーの可読性が高いこ
とから\OT1/cmr/m/n/12 , FD-
 []

[33] [34]
\@kuee15chapter=\count136
\@kuee15figure=\count137
 [35] [36] [37]
\@kuee16chapter=\count138
\@kuee16figure=\count139
\@kuee17chapter=\count140
\@kuee17figure=\count141
\@kuee18chapter=\count142
\@kuee18figure=\count143
\@kuee19chapter=\count144
\@kuee19figure=\count145
 [38] [39]
\@kuee20chapter=\count146
\@kuee20figure=\count147
 [40]
第{5}章.
\@kuee21chapter=\count148
\@kuee21figure=\count149
\@kuee22chapter=\count150
\@kuee22figure=\count151
\@kuee23chapter=\count152
\@kuee23figure=\count153
\@kuee24chapter=\count154
\@kuee24figure=\count155
\@kuee25chapter=\count156
\@kuee25figure=\count157
[41

]
第{6}章.
[42

] [43] (./sample.bbl [44

]

LaTeX Font Warning: Font shape `JT1/gt/m/it' undefined
(Font)              using `JT1/gt/m/n' instead on input line 5.


LaTeX Font Warning: Font shape `JY1/gt/m/it' undefined
(Font)              using `JY1/gt/m/n' instead on input line 5.

[45

] [46] [47] [48]
Underfull \hbox (badness 1137) in paragraph at lines 187--191
[]\OT1/cmr/m/n/12 Vahan Yo-ghour-d-jian, Daniel Ar-cham-bault, Stephan Diehl, T
im Dwyer,
 []

) [49]
付 録{A} .

Overfull \hbox (0.72661pt too wide) in paragraph at lines 1307--1308
[]\JY1/mc/m/n/12 異なるグル ープ間でも\OT1/cmr/m/n/12 , \JY1/mc/m/n/12 比較的密
な繋がりを持つグル ープのペアが存在す る\OT1/cmr/m/n/12 . 
 []

[50

] [51]
付 録{B} .
\@kuee26chapter=\count158
\@kuee26figure=\count159
[52

]
付 録{C} .
[53

]
Overfull \hbox (1.16045pt too wide) in paragraph at lines 1371--1378
\OT1/cmr/m/n/12 ems \JY1/mc/m/n/12 という細胞がどの方向に分裂するかを決めるプロ
セスが紡錘体という別
 []

[54] [55] AED kuee: Processing end Figures and Tables [56] (./sample.fff
File: ./images/PhenotypeNet.png Graphic file (type bmp)

<./images/PhenotypeNet.png>
Overfull \hbox (2.79134pt too wide) in paragraph at lines 4--5
 [][] 
 []

File: ./images/azuma_threshold08.png Graphic file (type bmp)
<./images/azuma_threshold08.png>
Overfull \hbox (2.79134pt too wide) in paragraph at lines 12--13
 [][] 
 []

File: ./images/examples.png Graphic file (type bmp)
<./images/examples.png>
Overfull \hbox (2.79134pt too wide) in paragraph at lines 20--21
 [][] 
 []

[57] [58]
File: ./images/nucmen.png Graphic file (type bmp)
 <./images/nucmen.png>
Overfull \hbox (2.79134pt too wide) in paragraph at lines 29--30
 [][] 
 []

[59]
Overfull \hbox (18.7454pt too wide) in paragraph at lines 39--43
 [][][] 
 []

File: ./images/4sta.png Graphic file (type bmp)
<./images/4sta.png>
Overfull \hbox (2.79134pt too wide) in paragraph at lines 50--51
 [][] 
 []

File: ./images/screenshot.png Graphic file (type bmp)
<./images/screenshot.png>
Overfull \hbox (2.79134pt too wide) in paragraph at lines 58--59
 [][] 
 []

File: ./images/8sta.png Graphic file (type bmp)
<./images/8sta.png>
Overfull \hbox (2.79134pt too wide) in paragraph at lines 66--67
 [][] 
 []

File: ./images/long.pdf Graphic file (type pdf)
<./images/long.pdf>

LaTeX Warning: Float too large for page by 107.88164pt on input line 77.

File: ./images/concentration.png Graphic file (type bmp)
<./images/concentration.png>
Overfull \hbox (2.79134pt too wide) in paragraph at lines 124--125
 [] 
 []

[60] [61] [62] [63]
File: ./images/ex2-screenshot.png Graphic file (type bmp)
 <./images/ex2-screenshot.png>
Overfull \hbox (2.79134pt too wide) in paragraph at lines 134--135
 [] 
 []

File: ./images/ex2-result.png Graphic file (type bmp)
<./images/ex2-result.png>
Overfull \hbox (2.79134pt too wide) in paragraph at lines 143--144
 [] 
 []

File: ./images/aoinum-time.png Graphic file (type bmp)
<./images/aoinum-time.png>
Overfull \hbox (2.79134pt too wide) in paragraph at lines 152--153
 [] 
 []

File: ./images/aoikind-time.png Graphic file (type bmp)
<./images/aoikind-time.png>
Overfull \hbox (2.79134pt too wide) in paragraph at lines 161--162
 [] 
 []

File: ./images/aoinum-aoikind.png Graphic file (type bmp)
<./images/aoinum-aoikind.png>
Overfull \hbox (2.79134pt too wide) in paragraph at lines 170--171
 [] 
 []

File: ./images/taxonomy.png Graphic file (type bmp)
<./images/taxonomy.png>
Overfull \hbox (2.79134pt too wide) in paragraph at lines 179--180
 [] 
 []

File: ./images/taxonomy-result.png Graphic file (type bmp)
<./images/taxonomy-result.png>
Overfull \hbox (2.79134pt too wide) in paragraph at lines 188--189
 [] 
 []

[64] [65] [66] [67] [68]
File: ./images/8-origin.png Graphic file (type bmp)
 <./images/8-origin.png>
Overfull \hbox (2.79134pt too wide) in paragraph at lines 198--199
 [] 
 []

File: ./images/8-fd.png Graphic file (type bmp)
<./images/8-fd.png>
Overfull \hbox (2.79134pt too wide) in paragraph at lines 207--208
 [] 
 []

File: ./images/8-tr.png Graphic file (type bmp)
<./images/8-tr.png>
Overfull \hbox (2.79134pt too wide) in paragraph at lines 216--217
 [] 
 []

File: ./images/64-fd.png Graphic file (type bmp)
<./images/64-fd.png>
Overfull \hbox (2.79134pt too wide) in paragraph at lines 225--226
 [] 
 []

File: ./images/64-tr.png Graphic file (type bmp)
<./images/64-tr.png>
Overfull \hbox (2.79134pt too wide) in paragraph at lines 234--235
 [] 
 []

[69] [70] [71] [72] [73]
File: ./images/gib-web.png Graphic file (type bmp)
 <./images/gib-web.png>
Overfull \hbox (2.79134pt too wide) in paragraph at lines 248--249
 [] 
 []

[74]) (./sample.aux)

LaTeX Font Warning: Some font shapes were not available, defaults substituted.

 ) 
Here is how much of TeX's memory you used:
 1736 strings out of 493653
 22300 string characters out of 6148875
 87392 words of memory out of 5000000
 5309 multiletter control sequences out of 15000+600000
 19705 words of font info for 77 fonts, out of 8000000 for 9000
 929 hyphenation exceptions out of 8191
 28i,12n,24p,425b,389s stack positions out of 5000i,500n,10000p,200000b,80000s

Output written on sample.dvi (78 pages, 238392 bytes).
